============================= test session starts ==============================
platform linux -- Python 3.10.6, pytest-8.0.2, pluggy-1.4.0 -- /home/user/.pyenv/versions/3.10.6/envs/taxifare-env/bin/python3.10
cachedir: .pytest_cache
rootdir: /home/user/code/gulfairus/07-ML-Ops/03-Automate-model-lifecycle/data-model-lifecycle/tests
configfile: pytest_kitt.ini
plugins: anyio-3.7.1
collecting ... collected 10 items

tests/lifecycle/test_mlflow.py::TestMlflow::test_model_target_is_mlflow PASSED [ 10%]
tests/lifecycle/test_mlflow.py::TestMlflow::test_mlflow_experiment_is_not_null PASSED [ 20%]
tests/lifecycle/test_mlflow.py::TestMlflow::test_mlflow_model_name_is_not_null PASSED [ 30%]
tests/lifecycle/test_mlflow.py::TestMlflow::test_mlflow_experiment_exists PASSED [ 40%]
tests/lifecycle/test_mlflow.py::TestMlflow::test_mlflow_model_exists PASSED [ 50%]
tests/lifecycle/test_mlflow.py::TestMlflow::test_mlflow_model_in_production PASSED [ 60%]
tests/lifecycle/test_prefect.py::TestPrefect::test_prefect_flow_name_is_not_null PASSED [ 70%]
tests/lifecycle/test_prefect.py::TestPrefect::test_prefect_log_level_is_warning PASSED [ 80%]
tests/lifecycle/test_prefect.py::TestPrefect::test_prefect_tasks PASSED  [ 90%]
tests/lifecycle/test_prefect.py::TestPrefect::test_prefect_flow PASSED   [100%]

================== 10 passed, 1 warning in 103.78s (0:01:43) ===================
